universal_proj.spiders.uni_ve - INFO - http://www.universal.at/mode/damen/damenmode/jeans/
universal_proj.spiders.uni_ve - INFO - http://www.universal.at/mode/damen/trachten/dirndl/
universal_proj.spiders.uni_ve - INFO - http://www.universal.at/mode/damen/schuhe/stiefeletten/
universal_proj.spiders.uni_ve - INFO - http://www.universal.at/mode/damen/schuhe/
universal_proj.spiders.uni_ve - INFO - http://www.universal.at/mode/damen/damenmode/jacken-maentel/jacken/lederjacken-kunstlederjacken/lederjacken/
universal_proj.spiders.uni_ve - INFO - http://www.universal.at/mode/damen/damenmode/jacken-maentel/maentel/kurzmaentel/
universal_proj.spiders.uni_ve - INFO - http://www.universal.at/mode/damen/schuhe/stiefel/
universal_proj.spiders.uni_ve - INFO - http://www.universal.at/mode/damen/damenmode/
universal_proj.spiders.uni_ve - INFO - http://www.universal.at/mode/damen/damenmode/blusen-tuniken/
universal_proj.spiders.uni_ve - INFO - http://www.universal.at/mode/damen/damenmode/jacken-maentel/jacken/daunenjacken-steppjacken/steppjacken/
universal_proj.spiders.uni_ve - INFO - http://www.universal.at/mode/damen/damenmode/pullover/
universal_proj.spiders.uni_ve - INFO - http://www.universal.at/mode/damen/damenmode/kleider/maxikleider/
universal_proj.spiders.uni_ve - INFO - http://www.universal.at/mode/damen/sportbekleidung/sportjacken/
universal_proj.spiders.uni_ve - INFO - http://www.universal.at/mode/damen/damenmode/jacken-maentel/jacken/fleecejacken/
universal_proj.spiders.uni_ve - INFO - http://www.universal.at/mode/damen/waesche-bademode/unter-nachtwaesche/bhs/
universal_proj.spiders.uni_ve - INFO - http://www.universal.at/mode/damen/sportbekleidung/
universal_proj.spiders.uni_ve - INFO - http://www.universal.at/mode/herren/herrenmode/jeans/
universal_proj.spiders.uni_ve - INFO - http://www.universal.at/mode/damen/damenmode/shirts/
universal_proj.spiders.uni_ve - INFO - http://www.universal.at/mode/modemarken/andreas-gabalier-kollektion/
universal_proj.spiders.uni_ve - INFO - http://www.universal.at/mode/modemarken/streetone/
universal_proj.spiders.uni_ve - INFO - http://www.universal.at/mode/damen/damenmode/jeans/slimfitjeans/
universal_proj.spiders.uni_ve - INFO - http://www.universal.at/garten-heimwerken/garten/gartenmoebel/gartentische/
universal_proj.spiders.uni_ve - INFO - http://www.universal.at/garten-heimwerken/haus-wohnen/tueren/zimmertueren/falttuer/
universal_proj.spiders.uni_ve - INFO - http://www.universal.at/garten-heimwerken/bad-sanitaer/badewannen-whirlpools/badewannen/
universal_proj.spiders.uni_ve - INFO - http://www.universal.at/garten-heimwerken/haus-wohnen/reinigungsgeraete/hochdruckreiniger/
universal_proj.spiders.uni_ve - INFO - http://www.universal.at/garten-heimwerken/do-it-yourself/arbeitskleidung/sicherheitsschuhe/
universal_proj.spiders.uni_ve - INFO - http://www.universal.at/garten-heimwerken/bad-sanitaer/wc/wc-sitz/
universal_proj.spiders.uni_ve - INFO - http://www.universal.at/garten-heimwerken/haus-wohnen/bodenbelaege/fussmatten/weihnachtliche-fussmatten/
universal_proj.spiders.uni_ve - INFO - http://www.universal.at/garten-heimwerken/heizen-klima/ofen/kaminzubehoer/kaminbodenplatten/
universal_proj.spiders.uni_ve - INFO - http://www.universal.at/garten-heimwerken/garten/gartendeko/spalier/
universal_proj.spiders.uni_ve - INFO - http://www.universal.at/garten-heimwerken/bad-sanitaer/badewannenaufsatz/
universal_proj.spiders.uni_ve - INFO - http://www.universal.at/garten-heimwerken/haus-wohnen/wand-decke/tapeten/
universal_proj.spiders.uni_ve - INFO - http://www.universal.at/garten-heimwerken/heimwerkermarken/konifera/
universal_proj.spiders.uni_ve - INFO - http://www.universal.at/garten-heimwerken/haus-wohnen/reinigungsgeraete/fenstersauger/
universal_proj.spiders.uni_ve - INFO - http://www.universal.at/garten-heimwerken/haus-wohnen/rollos-jalousien/rollos/seitenzugrollos/
universal_proj.spiders.uni_ve - INFO - http://www.universal.at/garten-heimwerken/haus-wohnen/rollos-jalousien/plissees/sonnenschutz-plissees/
universal_proj.spiders.uni_ve - INFO - http://www.universal.at/garten-heimwerken/do-it-yourself/werkzeug/elektrowerkzeuge/schleifer/doppelschleifer/
universal_proj.spiders.uni_ve - INFO - http://www.universal.at/garten-heimwerken/haus-wohnen/rollos-jalousien/jalousien/
universal_proj.spiders.uni_ve - INFO - http://www.universal.at/garten-heimwerken/haus-wohnen/bodenbelaege/fussmatten/fussmatten-gemustert/
universal_proj.spiders.uni_ve - INFO - http://www.universal.at/garten-heimwerken/haus-wohnen/rollos-jalousien/
universal_proj.spiders.uni_ve - INFO - http://www.universal.at/garten-heimwerken/bad-sanitaer/sanitaertechnik/
universal_proj.spiders.uni_ve - INFO - http://www.universal.at/garten-heimwerken/haus-wohnen/rollos-jalousien/plissees/plissees-ohne-bohren/
universal_proj.spiders.uni_ve - INFO - http://www.universal.at/einrichten-wohnen/moebel/sofas-couches/einzelsofas/2-sitzer-sofas/
universal_proj.spiders.uni_ve - INFO - http://www.universal.at/einrichten-wohnen/moebel/sofas-couches/
universal_proj.spiders.uni_ve - INFO - http://www.universal.at/einrichten-wohnen/moebel/tische/eckbankgruppen/
universal_proj.spiders.uni_ve - INFO - http://www.universal.at/einrichten-wohnen/moebel/sofas-couches/ecksofas/
universal_proj.spiders.uni_ve - INFO - http://www.universal.at/einrichten-wohnen/moebel/kommoden-sideboards/sideboards/
universal_proj.spiders.uni_ve - INFO - http://www.universal.at/einrichten-wohnen/wohnenmarken/yatas/
universal_proj.spiders.uni_ve - INFO - http://www.universal.at/einrichten-wohnen/moebel/sofas-couches/einzelsofas/3-sitzer-sofas/
universal_proj.spiders.uni_ve - INFO - http://www.universal.at/einrichten-wohnen/inspirationen/wohntrends/
universal_proj.spiders.uni_ve - INFO - http://www.universal.at/einrichten-wohnen/raeume/badezimmer/
universal_proj.spiders.uni_ve - INFO - http://www.universal.at/einrichten-wohnen/heimtextilien/teppich/moderne-teppiche/
universal_proj.spiders.uni_ve - INFO - http://www.universal.at/einrichten-wohnen/moebel/kommoden-sideboards/kommoden/
universal_proj.spiders.uni_ve - INFO - http://www.universal.at/einrichten-wohnen/moebel/tische/essgruppen/
universal_proj.spiders.uni_ve - INFO - http://www.universal.at/einrichten-wohnen/moebel/kommoden-sideboards/lowboards/
universal_proj.spiders.uni_ve - INFO - http://www.universal.at/einrichten-wohnen/moebel/hocker/polsterhocker/
universal_proj.spiders.uni_ve - INFO - http://www.universal.at/einrichten-wohnen/matratzen-lattenroste/matratzen/rollmatratze/
universal_proj.spiders.uni_ve - INFO - http://www.universal.at/einrichten-wohnen/moebel/badezimmermoebel/bad-sparsets/
universal_proj.spiders.uni_ve - INFO - http://www.universal.at/einrichten-wohnen/moebel/schraenke/kleiderschraenke/schwebetuerenschraenke/
universal_proj.spiders.uni_ve - INFO - http://www.universal.at/einrichten-wohnen/dekoration/figuren/deko-objekte/
universal_proj.spiders.uni_ve - INFO - http://www.universal.at/einrichten-wohnen/moebel/schraenke/schuhschraenke/schuhkommoden/
universal_proj.spiders.uni_ve - INFO - http://www.universal.at/einrichten-wohnen/heimtextilien/bettwaesche-leintuecher/bettwaesche/
universal_proj.spiders.uni_ve - INFO - http://www.universal.at/einrichten-wohnen/moebel/garderoben/
universal_proj.spiders.uni_ve - INFO - http://www.universal.at/haushalt/haushaltstechnik/waschmaschinen/
universal_proj.spiders.uni_ve - INFO - http://www.universal.at/haushalt/haushaltstechnik/kuehlschraenke/kuehl-gefrierkombination/
universal_proj.spiders.uni_ve - INFO - http://www.universal.at/haushalt/haushaltstechnik/geschirrspueler/einbau-geschirrspueler/
universal_proj.spiders.uni_ve - INFO - http://www.universal.at/haushalt/haushaltstechnik/gefrierschraenke/
universal_proj.spiders.uni_ve - INFO - http://www.universal.at/haushalt/haushaltstechnik/kaffeemaschinen/kaffeevollautomaten/
universal_proj.spiders.uni_ve - INFO - http://www.universal.at/haushalt/sale/marken-outlet/beko/
universal_proj.spiders.uni_ve - INFO - http://www.universal.at/haushalt/haushaltstechnik/kaffeemaschinen/
universal_proj.spiders.uni_ve - INFO - http://www.universal.at/haushalt/haushaltstechnik/herde-kochfelder/kochfelder/induktionskochfelder/
universal_proj.spiders.uni_ve - INFO - http://www.universal.at/haushalt/haushaltstechnik/herde-kochfelder/kochfelder/cerankochfelder/
universal_proj.spiders.uni_ve - INFO - http://www.universal.at/haushalt/sale/marken-outlet/aeg/
universal_proj.spiders.uni_ve - INFO - http://www.universal.at/haushalt/haushaltstechnik/trockner/waschtrockner/
universal_proj.spiders.uni_ve - INFO - http://www.universal.at/haushalt/haushaltstechnik/herde-kochfelder/
universal_proj.spiders.uni_ve - INFO - http://www.universal.at/haushalt/haushaltstechnik/waschmaschinen/frontlader/
universal_proj.spiders.uni_ve - INFO - http://www.universal.at/haushalt/haushaltsmarken/siemens/
universal_proj.spiders.uni_ve - INFO - http://www.universal.at/haushalt/haushaltstechnik/herde-kochfelder/herde/einbau-herde/
universal_proj.spiders.uni_ve - INFO - http://www.universal.at/nachhaltige-artikel/nachhaltig-wohnen/nachhaltige-heimtextilien/
universal_proj.spiders.uni_ve - INFO - http://www.universal.at/nachhaltige-artikel/nachhaltige-haushaltsgeraete/
universal_proj.spiders.uni_ve - INFO - http://www.universal.at/nachhaltige-artikel/nachhaltige-mode/nachhaltige-damenmode/jeans/
universal_proj.spiders.uni_ve - INFO - http://www.universal.at/nachhaltige-artikel/nachhaltig-wohnen/nachhaltige-moebel/garderoben/
universal_proj.spiders.uni_ve - INFO - http://www.universal.at/nachhaltige-artikel/nachhaltige-mode/nachhaltige-damenmode/
universal_proj.spiders.uni_ve - INFO - http://www.universal.at/nachhaltige-artikel/nachhaltige-mode/nachhaltige-damenmode/sweats/
universal_proj.spiders.uni_ve - INFO - http://www.universal.at/nachhaltige-artikel/nachhaltig-wohnen/nachhaltige-moebel/betten/
universal_proj.spiders.uni_ve - INFO - http://www.universal.at/haushalt/sale/marken-outlet/bauknecht/
universal_proj.spiders.uni_ve - INFO - http://www.universal.at/haushalt/haushaltstechnik/geschirrspueler/
universal_proj.spiders.uni_ve - INFO - http://www.universal.at/haushalt/sale/haushalt/geschirrspueler/
universal_proj.spiders.uni_ve - INFO - http://www.universal.at/haushalt/haushaltstechnik/kuehlschraenke/
universal_proj.spiders.uni_ve - INFO - http://www.universal.at/haushalt/haushaltstechnik/herde-kochfelder/herde/standherde/
universal_proj.spiders.uni_ve - INFO - http://www.universal.at/haushalt/haushaltstechnik/herde-kochfelder/dunstabzugshauben/kopffreihauben/
universal_proj.spiders.uni_ve - INFO - http://www.universal.at/sport-freizeit/sportbedarf/sportausruestung/scooter/
universal_proj.spiders.uni_ve - INFO - http://www.universal.at/sport-freizeit/staycation-urlaub-in-oesterreich/urlaub-zu-hause/im-garten/
universal_proj.spiders.uni_ve - INFO - http://www.universal.at/sport-freizeit/staycation-urlaub-in-oesterreich/urlaub-zu-hause/outdoor-kino/
universal_proj.spiders.uni_ve - INFO - http://www.universal.at/sport-freizeit/staycation-urlaub-in-oesterreich/urlaub-in-der-natur/wandern/
universal_proj.spiders.uni_ve - INFO - http://www.universal.at/sport-freizeit/staycation-urlaub-in-oesterreich/urlaub-in-der-natur/yoga-pilates/bekleidung/
universal_proj.spiders.uni_ve - INFO - http://www.universal.at/sport-freizeit/staycation-urlaub-in-oesterreich/urlaub-in-der-natur/wandern/bekleidung/
universal_proj.spiders.uni_ve - INFO - http://www.universal.at/sport-freizeit/staycation-urlaub-in-oesterreich/urlaub-zu-hause/grillparty/
universal_proj.spiders.uni_ve - INFO - http://www.universal.at/sport-freizeit/sportbekleidung/
universal_proj.spiders.uni_ve - INFO - http://www.universal.at/sport-freizeit/staycation-urlaub-in-oesterreich/staedtetrip/reisegebaeck/
universal_proj.spiders.uni_ve - INFO - http://www.universal.at/sport-freizeit/sportbedarf/sportarten/ski/bekleidung/
universal_proj.spiders.uni_ve - INFO - http://www.universal.at/sport-freizeit/sportbedarf/fitnessgeraete/
universal_proj.spiders.uni_ve - INFO - http://www.universal.at/sport-freizeit/sportbedarf/sportausruestung/sportelektronik/fitness-tracker/
universal_proj.spiders.uni_ve - INFO - http://www.universal.at/sport-freizeit/spielzeug/figuren-themen/dinosaurier-figuren/
universal_proj.spiders.uni_ve - INFO - http://www.universal.at/sport-freizeit/spielzeug/kinderfahrzeuge/lauflernwagen/
universal_proj.spiders.uni_ve - INFO - http://www.universal.at/sport-freizeit/markenwelt-kinder-freizeit/kinderwelt/vtech/
universal_proj.spiders.uni_ve - INFO - http://www.universal.at/sport-freizeit/sportbedarf/sportarten/
universal_proj.spiders.uni_ve - INFO - http://www.universal.at/sport-freizeit/staycation-urlaub-in-oesterreich/urlaub-mit-den-kids/bekleidung/
universal_proj.spiders.uni_ve - INFO - http://www.universal.at/sport-freizeit/sportbedarf/sportarten/schwimmen/bekleidung/
universal_proj.spiders.uni_ve - INFO - http://www.universal.at/sport-freizeit/musikinstrumente/
universal_proj.spiders.uni_ve - INFO - http://www.universal.at/sport-freizeit/sportbedarf/sportarten/tanzen-ballett/bekleidung/
universal_proj.spiders.uni_ve - INFO - http://www.universal.at/sport-freizeit/spielzeug/kuscheltiere/katzen/
universal_proj.spiders.uni_ve - ERROR - 'imageUrl'
Traceback (most recent call last):
  File "/home/ibtisam/scrapy_project/universal_project/universal_proj/universal_proj/spiders/uni_ve.py", line 127, in collect_data
    images.append(product_type["imageUrl"])
KeyError: 'imageUrl'
universal_proj.spiders.uni_ve - ERROR - 'imageUrl'
Traceback (most recent call last):
  File "/home/ibtisam/scrapy_project/universal_project/universal_proj/universal_proj/spiders/uni_ve.py", line 127, in collect_data
    images.append(product_type["imageUrl"])
KeyError: 'imageUrl'
universal_proj.spiders.uni_ve - ERROR - 'result'
Traceback (most recent call last):
  File "/home/ibtisam/scrapy_project/universal_project/universal_proj/universal_proj/spiders/uni_ve.py", line 117, in collect_data
    for product in dic["searchresult"]["result"]["products"]:
KeyError: 'result'
universal_proj.spiders.uni_ve - INFO - http://www.universal.at/multimedia/multimediamarken/apple/apple-ipad/
universal_proj.spiders.uni_ve - INFO - http://www.universal.at/multimedia/multimediamarken/acer/acer-notebook/
universal_proj.spiders.uni_ve - INFO - http://www.universal.at/multimedia/multimediamarken/microsoft/
universal_proj.spiders.uni_ve - INFO - http://www.universal.at/multimedia/smartphones/iphone-aktion/
universal_proj.spiders.uni_ve - INFO - http://www.universal.at/multimedia/multimediamarken/hyrican/
universal_proj.spiders.uni_ve - INFO - http://www.universal.at/multimedia/computer/all-in-one-pc/
universal_proj.spiders.uni_ve - INFO - http://www.universal.at/multimedia/fernseher/
universal_proj.spiders.uni_ve - INFO - http://www.universal.at/multimedia/fernseher/ultra-hd-4k/
universal_proj.spiders.uni_ve - INFO - http://www.universal.at/multimedia/smartphones/
universal_proj.spiders.uni_ve - INFO - http://www.universal.at/multimedia/fernseher/led-fernseher/
universal_proj.spiders.uni_ve - INFO - http://www.universal.at/multimedia/laptops/
universal_proj.spiders.uni_ve - INFO - http://www.universal.at/multimedia/smartphones/samsung-galaxy/samsung-galaxy-a/
universal_proj.spiders.uni_ve - INFO - http://www.universal.at/multimedia/computer/
universal_proj.spiders.uni_ve - INFO - http://www.universal.at/multimedia/laptops/alle-notebooks/
universal_proj.spiders.uni_ve - INFO - http://www.universal.at/multimedia/audio/
universal_proj.spiders.uni_ve - INFO - http://www.universal.at/multimedia/zubehoer/eingabegeraete/gaming-maus/
universal_proj.spiders.uni_ve - INFO - http://www.universal.at/multimedia/smartwatch/alle-smartwatches/
universal_proj.spiders.uni_ve - INFO - http://www.universal.at/multimedia/multimediamarken/hama/
universal_proj.spiders.uni_ve - INFO - http://www.universal.at/multimedia/zubehoer/buerobedarf/taschen-koffer/rucksaecke-reisetaschen/
universal_proj.spiders.uni_ve - INFO - http://www.universal.at/multimedia/zubehoer/halterungen/tv-wandhalterung/
universal_proj.spiders.uni_ve - INFO - http://www.universal.at/multimedia/zubehoer/buerobedarf/tinte-toner/tintenpatronen/
